·-----------------------------|--------------|----------------·
|  Contract Name              ·  Size (KiB)  ·  Change (KiB)  │
······························|··············|·················
|  Address                    ·       0.084  ·                │
······························|··············|·················
|  Authorizer                 ·       3.211  ·                │
······························|··············|·················
|  BalanceAllocation          ·       0.084  ·                │
······························|··············|·················
|  BalancerPoolToken          ·       3.513  ·                │
······························|··············|·················
|  Buffer                     ·       0.084  ·                │
······························|··············|·················
|  CodeDeployer               ·       0.084  ·                │
······························|··············|·················
|  console                    ·       0.084  ·                │
······························|··············|·················
|  DummyContract              ·       0.062  ·                │
······························|··············|·················
|  EnumerableMap              ·       0.084  ·                │
······························|··············|·················
|  EnumerableSet              ·       0.084  ·                │
······························|··············|·················
|  ERC20                      ·       2.347  ·                │
······························|··············|·················
|  Errors                     ·       0.084  ·                │
······························|··············|·················
|  FactoryWidePauseWindow     ·       0.238  ·                │
······························|··············|·················
|  FixedPoint                 ·       0.084  ·                │
······························|··············|·················
|  InputHelpers               ·       0.084  ·                │
······························|··············|·················
|  LogCompression             ·       0.084  ·                │
······························|··············|·················
|  LogExpMath                 ·       0.084  ·                │
······························|··············|·················
|  Math                       ·       0.084  ·                │
······························|··············|·················
|  MetaStablePool             ·      12.480  ·                │
······························|··············|·················
|  MetaStablePoolFactory      ·       3.121  ·                │
······························|··············|·················
|  OracleMiscData             ·       0.084  ·                │
······························|··············|·················
|  ProtocolFeesCollector      ·       2.956  ·                │
······························|··············|·················
|  QueryProcessor             ·       3.163  ·                │
······························|··············|·················
|  SafeCast                   ·       0.084  ·                │
······························|··············|·················
|  SafeERC20                  ·       0.084  ·                │
······························|··············|·················
|  SafeMath                   ·       0.084  ·                │
······························|··············|·················
|  Samples                    ·       0.084  ·                │
······························|··············|·················
|  StableMath                 ·       0.084  ·                │
······························|··············|·················
|  StableOracleMath           ·       0.062  ·                │
······························|··············|·················
|  StablePool                 ·       6.673  ·                │
······························|··············|·················
|  StablePoolUserDataHelpers  ·       0.084  ·                │
······························|··············|·················
|  Vault                      ·      21.825  ·                │
······························|··············|·················
|  WordCodec                  ·       0.084  ·                │
·-----------------------------|--------------|----------------·
